2025-09-19 13:40:30,941 DEBUG    root            Loaded Command Group: ['gcloud', 'components']
2025-09-19 13:40:30,974 DEBUG    root            Loaded Command Group: ['gcloud', 'components', 'update']
2025-09-19 13:40:30,976 DEBUG    root            Running [gcloud.components.update] with arguments: [--quiet: "True", COMPONENT-IDS:8: "['gcloud', 'core', 'bq', 'gsutil', 'compute', 'preview', 'alpha', 'beta']"]
2025-09-19 13:40:30,977 INFO     ___FILE_ONLY___ Beginning update. This process may take several minutes.

2025-09-19 13:40:30,986 DEBUG    urllib3.connectionpool Starting new HTTPS connection (1): dl.google.com:443
2025-09-19 13:40:31,054 DEBUG    urllib3.connectionpool https://dl.google.com:443 "GET /dl/cloudsdk/channels/rapid/components-2.json HTTP/11" 200 233150
2025-09-19 13:40:31,066 WARNING  root            Component [compute] no longer exists.
2025-09-19 13:40:31,067 INFO     ___FILE_ONLY___ 

2025-09-19 13:40:31,067 INFO     ___FILE_ONLY___ 
Your current Google Cloud CLI version is: 539.0.0

2025-09-19 13:40:31,067 INFO     ___FILE_ONLY___ Installing components from version: 539.0.0

2025-09-19 13:40:31,067 INFO     ___FILE_ONLY___ 

2025-09-19 13:40:31,068 DEBUG    root            Chosen display Format:table[box,title="These components will be removed."](details.display_name:label=Name:align=left,version.version_string:label=Version:align=right,data.size.size(zero="",min=1048576):label=Size:align=right)
2025-09-19 13:40:31,068 DEBUG    root            Chosen display Format:table[box,title="These components will be updated."](details.display_name:label=Name:align=left,version.version_string:label=Version:align=right,data.size.size(zero="",min=1048576):label=Size:align=right)
2025-09-19 13:40:31,069 DEBUG    root            Chosen display Format:table[box,title="These components will be installed."](details.display_name:label=Name:align=left,version.version_string:label=Version:align=right,data.size.size(zero="",min=1048576):label=Size:align=right)
2025-09-19 13:40:31,085 INFO     ___FILE_ONLY___ ┌────────────────────────────────────────────────┐
2025-09-19 13:40:31,085 INFO     ___FILE_ONLY___ 

2025-09-19 13:40:31,085 INFO     ___FILE_ONLY___ │      These components will be installed.       │
2025-09-19 13:40:31,086 INFO     ___FILE_ONLY___ 

2025-09-19 13:40:31,086 INFO     ___FILE_ONLY___ ├─────────────────────────┬────────────┬─────────┤
2025-09-19 13:40:31,086 INFO     ___FILE_ONLY___ 

2025-09-19 13:40:31,086 INFO     ___FILE_ONLY___ │           Name          │  Version   │   Size  │
2025-09-19 13:40:31,086 INFO     ___FILE_ONLY___ 

2025-09-19 13:40:31,086 INFO     ___FILE_ONLY___ ├─────────────────────────┼────────────┼─────────┤
2025-09-19 13:40:31,086 INFO     ___FILE_ONLY___ 

2025-09-19 13:40:31,086 INFO     ___FILE_ONLY___ │ 
2025-09-19 13:40:31,086 INFO     ___FILE_ONLY___ gcloud Alpha Commands  
2025-09-19 13:40:31,086 INFO     ___FILE_ONLY___  
2025-09-19 13:40:31,086 INFO     ___FILE_ONLY___ │ 
2025-09-19 13:40:31,086 INFO     ___FILE_ONLY___ 2025.09.12
2025-09-19 13:40:31,086 INFO     ___FILE_ONLY___  
2025-09-19 13:40:31,086 INFO     ___FILE_ONLY___ │ 
2025-09-19 13:40:31,086 INFO     ___FILE_ONLY___ < 1 MiB
2025-09-19 13:40:31,086 INFO     ___FILE_ONLY___  
2025-09-19 13:40:31,086 INFO     ___FILE_ONLY___ │
2025-09-19 13:40:31,087 INFO     ___FILE_ONLY___ 

2025-09-19 13:40:31,087 INFO     ___FILE_ONLY___ │ 
2025-09-19 13:40:31,087 INFO     ___FILE_ONLY___ gcloud Beta Commands   
2025-09-19 13:40:31,087 INFO     ___FILE_ONLY___  
2025-09-19 13:40:31,087 INFO     ___FILE_ONLY___ │ 
2025-09-19 13:40:31,087 INFO     ___FILE_ONLY___ 2025.09.12
2025-09-19 13:40:31,087 INFO     ___FILE_ONLY___  
2025-09-19 13:40:31,087 INFO     ___FILE_ONLY___ │ 
2025-09-19 13:40:31,087 INFO     ___FILE_ONLY___ < 1 MiB
2025-09-19 13:40:31,087 INFO     ___FILE_ONLY___  
2025-09-19 13:40:31,087 INFO     ___FILE_ONLY___ │
2025-09-19 13:40:31,087 INFO     ___FILE_ONLY___ 

2025-09-19 13:40:31,087 INFO     ___FILE_ONLY___ │ 
2025-09-19 13:40:31,087 INFO     ___FILE_ONLY___ gcloud Preview Commands
2025-09-19 13:40:31,087 INFO     ___FILE_ONLY___  
2025-09-19 13:40:31,087 INFO     ___FILE_ONLY___ │ 
2025-09-19 13:40:31,087 INFO     ___FILE_ONLY___           
2025-09-19 13:40:31,087 INFO     ___FILE_ONLY___  
2025-09-19 13:40:31,087 INFO     ___FILE_ONLY___ │ 
2025-09-19 13:40:31,087 INFO     ___FILE_ONLY___ < 1 MiB
2025-09-19 13:40:31,087 INFO     ___FILE_ONLY___  
2025-09-19 13:40:31,088 INFO     ___FILE_ONLY___ │
2025-09-19 13:40:31,088 INFO     ___FILE_ONLY___ 

2025-09-19 13:40:31,088 INFO     ___FILE_ONLY___ └─────────────────────────┴────────────┴─────────┘
2025-09-19 13:40:31,088 INFO     ___FILE_ONLY___ 

2025-09-19 13:40:31,088 INFO     ___FILE_ONLY___ 

2025-09-19 13:40:31,091 DEBUG    urllib3.connectionpool Starting new HTTPS connection (1): dl.google.com:443
2025-09-19 13:40:31,164 DEBUG    urllib3.connectionpool https://dl.google.com:443 "GET /dl/cloudsdk/channels/rapid/RELEASE_NOTES HTTP/11" 200 1482680
2025-09-19 13:40:31,649 INFO     ___FILE_ONLY___ For the latest full release notes, please visit:
  https://cloud.google.com/sdk/release_notes


2025-09-19 13:40:31,650 INFO     ___FILE_ONLY___ Performing in place update...


2025-09-19 13:40:31,652 INFO     ___FILE_ONLY___ ╔════════════════════════════════════════════════════════════╗

2025-09-19 13:40:31,652 INFO     ___FILE_ONLY___ ╠═ Downloading: gcloud Alpha Commands                       ═╣

2025-09-19 13:40:31,652 INFO     ___FILE_ONLY___ ╚
2025-09-19 13:40:31,655 DEBUG    urllib3.connectionpool Starting new HTTPS connection (1): dl.google.com:443
2025-09-19 13:40:31,719 DEBUG    urllib3.connectionpool https://dl.google.com:443 "GET /dl/cloudsdk/channels/rapid/components/google-cloud-sdk-alpha-20250912135004.tar.gz HTTP/11" 200 800
2025-09-19 13:40:31,719 INFO     ___FILE_ONLY___ ════════════════════════════════════════════════════════════
2025-09-19 13:40:31,720 INFO     ___FILE_ONLY___ ╝

2025-09-19 13:40:31,722 INFO     ___FILE_ONLY___ ╔════════════════════════════════════════════════════════════╗

2025-09-19 13:40:31,722 INFO     ___FILE_ONLY___ ╠═ Downloading: gcloud Beta Commands                        ═╣

2025-09-19 13:40:31,722 INFO     ___FILE_ONLY___ ╚
2025-09-19 13:40:31,725 DEBUG    urllib3.connectionpool Starting new HTTPS connection (1): dl.google.com:443
2025-09-19 13:40:31,749 DEBUG    urllib3.connectionpool https://dl.google.com:443 "GET /dl/cloudsdk/channels/rapid/components/google-cloud-sdk-beta-20250912135004.tar.gz HTTP/11" 200 797
2025-09-19 13:40:31,750 INFO     ___FILE_ONLY___ ════════════════════════════════════════════════════════════
2025-09-19 13:40:31,750 INFO     ___FILE_ONLY___ ╝

2025-09-19 13:40:31,752 INFO     ___FILE_ONLY___ ╔════════════════════════════════════════════════════════════╗

2025-09-19 13:40:31,752 INFO     ___FILE_ONLY___ ╠═ Downloading: gcloud Preview Commands                     ═╣

2025-09-19 13:40:31,752 INFO     ___FILE_ONLY___ ╚
2025-09-19 13:40:31,755 DEBUG    urllib3.connectionpool Starting new HTTPS connection (1): dl.google.com:443
2025-09-19 13:40:31,869 DEBUG    urllib3.connectionpool https://dl.google.com:443 "GET /dl/cloudsdk/channels/rapid/components/google-cloud-sdk-preview-20241115154308.tar.gz HTTP/11" 200 823
2025-09-19 13:40:31,870 INFO     ___FILE_ONLY___ ════════════════════════════════════════════════════════════
2025-09-19 13:40:31,870 INFO     ___FILE_ONLY___ ╝

2025-09-19 13:40:31,872 INFO     ___FILE_ONLY___ ╔════════════════════════════════════════════════════════════╗

2025-09-19 13:40:31,872 INFO     ___FILE_ONLY___ ╠═ Installing: gcloud Alpha Commands                        ═╣

2025-09-19 13:40:31,872 INFO     ___FILE_ONLY___ ╚
2025-09-19 13:40:31,873 INFO     ___FILE_ONLY___ ════════════════════════════════════════════════════════════
2025-09-19 13:40:31,873 INFO     ___FILE_ONLY___ ╝

2025-09-19 13:40:31,879 INFO     ___FILE_ONLY___ ╔════════════════════════════════════════════════════════════╗

2025-09-19 13:40:31,879 INFO     ___FILE_ONLY___ ╠═ Installing: gcloud Beta Commands                         ═╣

2025-09-19 13:40:31,879 INFO     ___FILE_ONLY___ ╚
2025-09-19 13:40:31,880 INFO     ___FILE_ONLY___ ════════════════════════════════════════════════════════════
2025-09-19 13:40:31,880 INFO     ___FILE_ONLY___ ╝

2025-09-19 13:40:31,884 INFO     ___FILE_ONLY___ ╔════════════════════════════════════════════════════════════╗

2025-09-19 13:40:31,885 INFO     ___FILE_ONLY___ ╠═ Installing: gcloud Preview Commands                      ═╣

2025-09-19 13:40:31,885 INFO     ___FILE_ONLY___ ╚
2025-09-19 13:40:31,885 INFO     ___FILE_ONLY___ ════════════════════════════════════════════════════════════
2025-09-19 13:40:31,885 INFO     ___FILE_ONLY___ ╝

2025-09-19 13:40:31,891 DEBUG    root            Updating notification cache...
2025-09-19 13:40:31,891 INFO     ___FILE_ONLY___ 

2025-09-19 13:40:31,893 INFO     ___FILE_ONLY___ Performing post processing steps...
2025-09-19 13:40:31,894 DEBUG    root            Executing command: ['/tools/google-cloud-sdk/bin/gcloud', 'components', 'post-process']
2025-09-19 13:40:40,515 DEBUG    ___FILE_ONLY___ 
2025-09-19 13:40:40,515 DEBUG    ___FILE_ONLY___ 
2025-09-19 13:40:40,658 INFO     root            descriptor_list: [{'universeDomain': 'googleapis.com', 'universeShortName': '', 'authenticationDomain': 'auth.cloud.google.com', 'projectPrefix': '', 'cloudWebDomain': 'cloud.google.com', 'documentationDomain': 'cloud.google.com', 'version': '1.0.0', 'state': 'primary', 'artifactRegistryDomain': 'pkg.dev'}]
2025-09-19 13:40:40,658 INFO     ___FILE_ONLY___ 
Update done!


2025-09-19 13:40:40,661 DEBUG    root            Chosen display Format:none
2025-09-19 13:40:40,661 INFO     root            Display format: "none"
